Performing C SOURCE FILE Test CMAKE_HAVE_LIBC_PTHREAD failed with the following output:
Change Dir: /home/martin/Desktop/WorkingISA/isaserver/cmake-build-debug/CMakeFiles/CMakeTmp

Run Build Command(s):/usr/bin/make cmTC_dcca1/fast && make[1]: Entering directory '/home/martin/Desktop/WorkingISA/isaserver/cmake-build-debug/CMakeFiles/CMakeTmp'
/usr/bin/make -f CMakeFiles/cmTC_dcca1.dir/build.make CMakeFiles/cmTC_dcca1.dir/build
make[2]: Entering directory '/home/martin/Desktop/WorkingISA/isaserver/cmake-build-debug/CMakeFiles/CMakeTmp'
Building C object CMakeFiles/cmTC_dcca1.dir/src.c.o
/usr/bin/cc   -DCMAKE_HAVE_LIBC_PTHREAD   -o CMakeFiles/cmTC_dcca1.dir/src.c.o   -c /home/martin/Desktop/WorkingISA/isaserver/cmake-build-debug/CMakeFiles/CMakeTmp/src.c
Linking C executable cmTC_dcca1
/home/martin/.local/share/JetBrains/Toolbox/apps/CLion/ch-0/192.6817.32/bin/cmake/linux/bin/cmake -E cmake_link_script CMakeFiles/cmTC_dcca1.dir/link.txt --verbose=1
/usr/bin/cc  -DCMAKE_HAVE_LIBC_PTHREAD    CMakeFiles/cmTC_dcca1.dir/src.c.o  -o cmTC_dcca1 
/usr/bin/ld: CMakeFiles/cmTC_dcca1.dir/src.c.o: in function `main':
src.c:(.text+0x3e): undefined reference to `pthread_create'
/usr/bin/ld: src.c:(.text+0x4a): undefined reference to `pthread_detach'
/usr/bin/ld: src.c:(.text+0x5b): undefined reference to `pthread_join'
collect2: error: ld returned 1 exit status
make[2]: *** [CMakeFiles/cmTC_dcca1.dir/build.make:87: cmTC_dcca1] Error 1
make[2]: Leaving directory '/home/martin/Desktop/WorkingISA/isaserver/cmake-build-debug/CMakeFiles/CMakeTmp'
make[1]: *** [Makefile:121: cmTC_dcca1/fast] Error 2
make[1]: Leaving directory '/home/martin/Desktop/WorkingISA/isaserver/cmake-build-debug/CMakeFiles/CMakeTmp'


Source file was:
#include <pthread.h>

void* test_func(void* data)
{
  return data;
}

int main(void)
{
  pthread_t thread;
  pthread_create(&thread, NULL, test_func, NULL);
  pthread_detach(thread);
  pthread_join(thread, NULL);
  pthread_atfork(NULL, NULL, NULL);
  pthread_exit(NULL);

  return 0;
}

Determining if the function pthread_create exists in the pthreads failed with the following output:
Change Dir: /home/martin/Desktop/WorkingISA/isaserver/cmake-build-debug/CMakeFiles/CMakeTmp

Run Build Command(s):/usr/bin/make cmTC_7b824/fast && make[1]: Entering directory '/home/martin/Desktop/WorkingISA/isaserver/cmake-build-debug/CMakeFiles/CMakeTmp'
/usr/bin/make -f CMakeFiles/cmTC_7b824.dir/build.make CMakeFiles/cmTC_7b824.dir/build
make[2]: Entering directory '/home/martin/Desktop/WorkingISA/isaserver/cmake-build-debug/CMakeFiles/CMakeTmp'
Building C object CMakeFiles/cmTC_7b824.dir/CheckFunctionExists.c.o
/usr/bin/cc   -DCHECK_FUNCTION_EXISTS=pthread_create   -o CMakeFiles/cmTC_7b824.dir/CheckFunctionExists.c.o   -c /home/martin/.local/share/JetBrains/Toolbox/apps/CLion/ch-0/192.6817.32/bin/cmake/linux/share/cmake-3.15/Modules/CheckFunctionExists.c
Linking C executable cmTC_7b824
/home/martin/.local/share/JetBrains/Toolbox/apps/CLion/ch-0/192.6817.32/bin/cmake/linux/bin/cmake -E cmake_link_script CMakeFiles/cmTC_7b824.dir/link.txt --verbose=1
/usr/bin/cc  -DCHECK_FUNCTION_EXISTS=pthread_create    CMakeFiles/cmTC_7b824.dir/CheckFunctionExists.c.o  -o cmTC_7b824 -lpthreads 
/usr/bin/ld: cannot find -lpthreads
collect2: error: ld returned 1 exit status
make[2]: *** [CMakeFiles/cmTC_7b824.dir/build.make:87: cmTC_7b824] Error 1
make[2]: Leaving directory '/home/martin/Desktop/WorkingISA/isaserver/cmake-build-debug/CMakeFiles/CMakeTmp'
make[1]: *** [Makefile:121: cmTC_7b824/fast] Error 2
make[1]: Leaving directory '/home/martin/Desktop/WorkingISA/isaserver/cmake-build-debug/CMakeFiles/CMakeTmp'



